-123.953112943577	-5	3.99963608331803	3.34422216759166
-123.979766606637	-2.3771725693	4.00963608173828	3.2656294555692
-124.002923111202	-2.27197312262	4.01963608323532	3.20871751831371
-124.02538356554	-2.22478881039	4.02963608330185	3.18628965923867
-124.04747907422	-2.1962963995	4.03963608331491	3.15403626169814
-124.069338221207	-2.17658622816	4.0496360833165	3.11921383965996
-124.091027117936	-2.16183025261	4.05963608332094	3.09651966644028
-124.112585142951	-2.15019465784	4.06963608331263	3.07020827411972
-124.134038024808	-2.140675758	4.07963608331561	3.04514700827634
-124.155403684302	-2.1326715783	4.08963608331388	3.02351445381803
-124.176695205125	-2.12579604751	4.09963608332295	3.00196771978539
-124.197922490265	-2.11978851892	4.10963608332117	2.9811699305971
-124.219093252498	-2.11446572409	4.11963608331251	2.96106680770067
-124.240213639583	-2.10969447748	4.12963608332643	2.94162001551748
-124.261288646416	-2.10537530568	4.13963608331826	2.91412345875071
-124.282322397338	-2.10143218124	4.14963608331954	2.89493234071747
-124.303318344613	-2.09780584009	4.15963608330547	2.88702098487826
-124.324279412465	-2.09444929124	4.16963608333088	2.85882167933335
-124.345208102962	-2.09132471615	4.17963608332705	2.8533207349992
-124.366106576641	-2.08840127599	4.1896360833296	2.82598410607589
-124.386976713642	-2.08565352839	4.1996360833196	2.82186941936222
-124.407820161721	-2.08306026281	4.20963608330214	2.79617495818583
-124.428638374061	-2.08060362964	4.21963608332922	2.78227777268011
-124.449432638997	-2.07826847926	4.22963608329368	2.76910723297897
-124.470204105215	-2.07604185359	4.23963608333733	2.7565142317945
-124.490953800521	-2.07391259037	4.2496360833287	2.74431127174768
-124.511682649083	-2.07187101153	4.25963608329645	2.73247659706075
-124.532391484721	-2.06990867547	4.2696360833005	2.72100320362661
-124.553081061977	-2.06801817827	4.2796360833051	2.70986905275571
-124.573752065959	-2.06619299277	4.28963608332414	2.70884812211612
-124.594405120189	-2.0644273373	4.29963608330168	2.6885921832706
-124.615040793859	-2.06271606783	4.30963608328871	2.67850910281252
-124.635659607496	-2.06105458874	4.31963608331854	2.679807441612
-124.656262037858	-2.05943877862	4.32963608330811	2.65937705348645
-124.676848522966	-2.05786492804	4.33963608335393	2.6618735660926
-124.697419465104	-2.05632968731	4.34963608331789	2.65321755864634
-124.717975235242	-2.05483002217	4.35963608334163	2.64474751886252
-124.738516174928	-2.05336317626	4.36963608332277	2.6244409233915
-124.759042599706	-2.05192663901	4.37963608330941	2.61634590132466
-124.779554801002	-2.05051811815	4.38963608328789	2.62030095936634
-124.8000530485	-2.0491355161	4.39963608333613	2.61262270452359
-124.820537591341	-2.04777690955	4.40963608331161	2.59311101908309
-124.841008660668	-2.04644053177	4.41963608328576	2.59806310500755
-124.861466470698	-2.04512475721	4.4296360833401	2.57800658750928
-124.881911219616	-2.04382808811	4.43963608335002	2.5705565744119
-124.90234309152	-2.04254914264	4.44963608333678	2.57799759214548
-124.922762257128	-2.04128664454	4.45963608327436	2.57176365569048
-124.943168875199	-2.04003941382	4.46963608329079	2.56577050233624
-124.96356309274	-2.03880635852	4.47963608331994	2.5414901338704
-124.983945046258	-2.03758646717	4.48963608329923	2.53444615980198
-125.004314862882	-2.03637880189	4.49963608334559	2.52754173532593
-125.024672660167	-2.03518249203	4.50963608331239	2.52090239428221
-125.045018547778	-2.03399672803	4.51963608330052	2.54029418080388
-125.065352627398	-2.03282075558	4.52963608333031	2.50848303521556
-125.085674993066	-2.03165386982	4.53963608324733	2.50257236353841
-125.105985732899	-2.03049540946	4.54963608334202	2.49682288813679
-125.126284927359	-2.02934475083	4.55963608329713	2.52457872132983
-125.146572651915	-2.02820130153	4.56963608332764	2.4856318452295
-125.166848975548	-2.02706449384	4.57963608330765	2.4801409185073
-125.187113962065	-2.02593377753	4.58963608331242	2.51458718400966
-125.207367669652	-2.02480861219	4.59963608333213	2.51158578952197
-125.227610151004	-2.02368845886	4.60963608330545	2.50875490472925
-125.247841453629	-2.02257277092	4.61963608328861	2.50609711849211
-125.268061619508	-2.02146098421	4.62963608334395	2.50362228615134
-125.288270684339	-2.02035250626	4.63963608328427	2.50134802626283
-125.308468678622	-2.01924670453	4.64963608337459	2.44255580073767
-125.328655625226	-2.01814289375	4.65963608335998	2.43718369071849
-125.34883154051	-2.01704032197	4.66963608331206	2.4317871126943
-125.368996432882	-2.01593815549	4.67963608328749	2.49493387537196
-125.389150301839	-2.01483546232	4.68963608329311	2.49430723164438
-125.409293136981	-2.01373119397	4.69963608333131	2.41605053377831
-125.42942491646	-2.01262416525	4.70963608325561	2.41149746705638
-125.449545606526	-2.01151303153	4.71963608328234	2.40732787299455
-125.469655158756	-2.01039626303	4.72963608346585	2.49321361011041
-125.489753507379	-2.00927211504	4.73963608336327	2.49339422282414
-125.509840569474	-2.00813859308	4.74963608328293	2.49393251129543
-125.529916240413	-2.00699341155	4.75963608336313	2.39540851769866
-125.549980390214	-2.00583394378	4.76963608332543	2.4954023502333
-125.57003286151	-2.00465716069	4.77963608330679	2.39368815945698
-125.590073464037	-2.0034595547	4.78963608330352	2.39399355012946
-125.610101969782	-2.00223704382	4.79963608336544	2.39515757718082
-125.630118106177	-2.00098484915	4.80963608336104	2.49918305333988
-125.650121549086	-1.9996973363	4.81963608333105	2.40064595325877
-125.670111912799	-1.99836780734	4.82963608326188	2.5031012878364
-125.690088738629	-1.99698822363	4.83963608335969	2.41212825094589
-125.710051478319	-1.99554883075	4.84963608334487	2.51107177958693
-125.729999476447	-1.99403764154	4.85963608345975	2.42804535899567
-125.749931942306	-1.99243970949	4.86963608327542	2.52185256080853
-125.769847918633	-1.99073608348	4.87963608331108	2.44734649427076
-125.789746231075	-1.9889022646	4.88963608338336	2.45813172095825
-125.809625423417	-1.98690585656	4.89963608340958	2.54226974645164
-125.829483661349	-1.98470285778	4.90963608331572	2.54994472555237
-125.849318589015	-1.9822315542	4.91963608328595	2.49534643557488
-125.869127103042	-1.97940192102	4.92963608329036	2.50984516634211
-125.888904982392	-1.97607600777	4.93963608332227	2.5259074109531
-125.908646236062	-1.97202851968	4.94963608334182	2.58617991562982
-125.928341851108	-1.96685847257	4.95963608334674	2.59732087174174
-125.947977079529	-1.95975859495	4.96963608313903	2.58790499387561
-125.967524397692	-1.94875618085	4.97963608369921	2.61970854351917
-125.986918519234	-1.9269312813	4.98963609474794	2.66578123193627
-126.005860433826	-1.82250666721	4.99963621660027	2.72598155375064
-126.021525250449	-1.39296699893	5.00963608170828	2.70276659481009
-126.03484602583	-1.28879281465	5.01963608336442	2.66360815845173
-126.047477900925	-1.24224993868	5.02963608326007	2.64344410194101
-126.059751088297	-1.21436221352	5.03963608331433	2.60456422412838
-126.071793675129	-1.19519816813	5.04963608328619	2.58022847202797
-126.083671172302	-1.18092898586	5.05963608327768	2.58187763427151
-126.095422394287	-1.16972747199	5.06963608202981	2.53775187197874
-126.107072585038	-1.16059756965	5.07963608309466	2.54844594693407
-126.11863924616	-1.1529441711	5.08963608337912	2.50115637852185
-126.130135109204	-1.14638695204	5.09963608322135	2.51913690137655
-126.1415697777	-1.14066997683	5.10963608333962	2.46892159671638
-126.152950706221	-1.13561381947	5.11963608332112	2.45417595441459
-126.164283820051	-1.13108843368	5.1296360836319	2.44026233971459
-126.17557392305	-1.12699692422	5.13963608722315	2.47036207374171
-126.186824966418	-1.12326539838	5.14963609225832	2.41491775961863
-126.198040239664	-1.11983636785	5.15963608865546	2.45009641763832
-126.209222547099	-1.11666432245	5.16963609017872	2.39241511931646
-126.220374243821	-1.11371270091	5.17963607397301	2.38209770838508
-126.231497404944	-1.11095171862	5.18963606219056	2.37236810193665
-126.242593841002	-1.1083568286	5.19963608257151	2.41582521106415
-126.253665041021	-1.10590758714	5.20963607505368	2.35456152031191
-126.264712422491	-1.10358679726	5.21963608421757	2.34647230028851
-126.275737135934	-1.10137986564	5.22963605652169	2.39535470228344
-126.286740358835	-1.09927431101	5.23963608535631	2.33202563525223
-126.297722953424	-1.0972593722	5.24963608315547	2.38448215608682
-126.308685804495	-1.09532571351	5.25963607384038	2.38041404460347
-126.319629713544	-1.09346517986	5.26963608514828	2.31333798177486
-126.33055533813	-1.09167060431	5.27963608319687	2.30781319884065
-126.341463346321	-1.08993565507	5.28963610535152	2.30280065869732
-126.352354262529	-1.08825469552	5.29963611208953	2.37158686871772
-126.363228586603	-1.08662270019	5.3096360900129	2.37069322049185
-126.374086819133	-1.08503515416	5.319636070259	2.29054556487066
-126.384929416889	-1.08348797724	5.32963608330372	2.2874033887871
-126.395756714459	-1.08197748025	5.33963608273704	2.37087392400714
-126.406569077155	-1.08050029471	5.34963608296556	2.3716889517962
-126.417366822293	-1.07905333865	5.35963608384064	2.28010129317717
-126.428150234925	-1.07763377797	5.36963608269303	2.27828443492301
-126.438919578956	-1.07623899498	5.37963608249435	2.37608899173004
-126.449675089482	-1.07486655741	5.38963608289606	2.27547152951157
-126.460416976008	-1.07351420047	5.39963608156409	2.27449202831756
-126.471145436327	-1.07217979866	5.40963608569104	2.27382422630259
-126.481860617091	-1.0708613552	5.41963607399472	2.38607364418682
-126.492562712484	-1.06955697315	5.42963608771974	2.38925740028653
-126.503251807594	-1.06826485387	5.43963608347078	2.39268842782332
-126.513928053194	-1.06698327152	5.44963609570827	2.39635377472211
-126.524591478503	-1.06571057441	5.45963606084566	2.27417196396543
-126.535242216632	-1.06444515874	5.46963602788023	2.40435333732371
-126.545880447456	-1.06318545617	5.47963610487238	2.40867618505844
-126.556505995059	-1.06192996567	5.48963607983184	2.27652785868361
-126.567119032819	-1.06067718216	5.49963608328769	2.41795170777548
-126.577719548566	-1.05942562985	5.50963608527411	2.42290212047324
-126.58830754112	-1.05817383777	5.51963607999368	2.42806107808913
-126.598883016718	-1.05692033543	5.52963608254183	2.28157367572714
-126.609445940852	-1.05566364384	5.53963608345273	2.28313101911082
-126.619996275308	-1.05440226692	5.54963608380403	2.4448129346826
-126.630533965472	-1.05313468197	5.55963608342888	2.45083701108218
-126.641058942539	-1.05185933084	5.5696360833079	2.28843793851512
-126.651571120642	-1.05057461066	5.57963608321933	2.29040814581879
-126.662070397012	-1.04927886372	5.58963608236378	2.29249174413328
-126.672556656708	-1.04797036533	5.59963608444879	2.47730597252817
-126.683029758636	-1.0466473137	5.6096360850507	2.29700189829384
-126.693489547862	-1.04530781574	5.61963608415015	2.29942363153352
-126.703935852467	-1.04394987269	5.62963608407859	2.49984330539635
-126.714368474668	-1.04257136534	5.63963608211585	2.50795854791349
-126.724787202984	-1.04117003398	5.64963608337602	2.30735502028569
-126.73519178934	-1.03974346187	5.65963608028305	2.31022876927619
-126.745581996103	-1.03828904892	5.66963609941503	2.53456242028798
-126.755957471098	-1.03680398749	5.67963608308012	2.5443740839151
-126.766317939388	-1.03528523323	5.68963607609399	2.3197468562363
-126.776663050339	-1.03372947058	5.69963608103956	2.32378134318042
-126.786992387941	-1.03213307319	5.70963607077375	2.57647746999312
-126.79730555409	-1.03049205889	5.71963607224541	2.58774719059459
-126.807602100252	-1.0288020295	5.72963610421322	2.59926507778908
-126.817881424566	-1.02705812899	5.73963608130096	2.34494941191855
-126.828143031605	-1.02525493903	5.74963607141602	2.62302232187234
-126.838386325261	-1.02338640801	5.75963610047834	2.63526181074457
-126.848610548629	-1.02144575276	5.76963609992596	2.36517294570192
-126.858814961029	-1.01942531812	5.77963608730502	2.37268019687962
-126.868998774716	-1.01731643281	5.78963611412388	2.67351670652397
-126.879160956095	-1.01510923285	5.79963608131723	2.68680995393834
-126.889300560751	-1.01279240457	5.80963608131846	2.70039152021864
-126.899416393763	-1.01035294297	5.81963607951382	2.71427587930034
-126.909507162587	-1.00777579005	5.82963608302512	2.72844151820804
-126.919571391167	-1.0050433994	5.83963607827362	2.74288559920227
-126.929607444081	-1.00213517053	5.84963608229974	2.75760940280093
-126.939613436608	-0.999026744778	5.85963608712648	2.44701279415246
-126.949587215665	-0.995689029068	5.86963608266004	2.45824883234378
-126.959526338885	-0.992086901319	5.87963608941043	2.46992935096084
-126.969427914908	-0.988177367651	5.88963606726674	2.48204684701036
-126.979288678573	-0.983906812996	5.89963608360599	2.49458503341477
-126.989104638577	-0.979206830298	5.90963608401624	2.85026909059631
-126.998871094065	-0.973987201988	5.91963609123635	2.86555117309579
-127.008582243652	-0.968123665808	5.9296360854524	2.88031502514677
-127.018230823239	-0.96143485784	5.93963608708391	2.8931380967262
-127.02780725766	-0.953635319319	5.9496360832338	2.57007478720459
-127.037298222707	-0.944230081328	5.95963608478728	2.59563871616396
-127.046683379394	-0.932243032635	5.96963608410908	2.89681285230255
-127.055927152447	-0.915347234697	5.97963608349377	2.8909788770644
-127.064950481684	-0.885745237019	5.98963608496519	2.88281590285313
-127.073435697542	-0.777328712201	5.99963614085157	2.88079933856252
-127.07911790675	-0.412277882191	6.00963608258204	2.80861382927942
-127.082645422492	-0.310442312445	6.019636083179	2.77409876660545
-127.085500368799	-0.265129834083	6.02963608322561	2.82994716184282
-127.088006875305	-0.238101770771	6.03963608238996	2.72092861971462
-127.090290237874	-0.219586131797	6.049636084192	2.69892897056366
-127.092414268713	-0.205829290879	6.0596360832754	2.78738187340433
-127.094416653586	-0.195046340945	6.06963608284171	2.77607816072027
-127.096321834372	-0.186267219614	6.07963608381625	2.76578749868445
-127.098146728744	-0.178913770407	6.08963608583312	2.75638042237755
-127.09990362012	-0.172617262133	6.09963608405914	2.74777037452047
-127.101601763265	-0.167129969848	6.1096360847397	2.59572023194792
-127.103248333755	-0.162278498523	6.11963608295977	2.58152551588587
-127.104849030323	-0.157937293193	6.12963608167062	2.72630690508274
-127.106408466674	-0.154012915903	6.13963608219889	2.72029105573515
-127.10793043989	-0.150434163424	6.14963608657618	2.71457969191692
-127.109418116862	-0.147145688184	6.15963608523122	2.70914449739215
-127.110874173005	-0.144103702481	6.16963607673697	2.70397623219209
-127.112300894552	-0.141273034711	6.17963608464804	2.69908037633021
-127.11370024315	-0.138625064234	6.18963608332571	2.50328604326292
-127.115073925653	-0.136136206481	6.19963608329121	2.69016045370709
-127.116423431905	-0.133786823189	6.20963608326131	2.48700326694971
-127.117750071759	-0.131560400908	6.21963608322568	2.68229645164691
-127.119055002968	-0.129442929874	6.22963608364527	2.47305067679769
-127.120339253085	-0.127422428477	6.23963608040541	2.67543484194441
-127.12160374014	-0.125488569686	6.24963608301407	2.67240142203424
-127.122849283752	-0.123632394806	6.25963608377207	2.45657443890331
-127.124076620891	-0.121846077485	6.26963608363179	2.66784473777749
-127.125286415117	-0.120122739643	6.27963608338409	2.44760595286989
-127.126479265112	-0.118456301808	6.28963608213618	2.44340901488415
-127.127655712806	-0.11684135937	6.29963608385861	2.43947047204707
-127.128816247986	-0.115273083745	6.30963608363307	2.66580228018733
-127.129961316038	-0.113747137345	6.31963608826925	2.43257571049411
-127.131091318694	-0.112259604948	6.3296360832114	2.66708898051271
-127.132206623742	-0.110806933209	6.33963608338465	2.66821951540726
-127.133307562713	-0.109385885019	6.34963608303688	2.66967262956077
-127.134394436949	-0.10799349425	6.35963608351729	2.67141661111155
-127.135467519217	-0.10662703204	6.36963608505877	2.42031839321981
-127.136527055294	-0.105283974195	6.37963608081121	2.67593451995833
-127.137573268364	-0.103961974785	6.38963608025202	2.41709782006589
-127.13860635796	-0.102658842971	6.39963608373967	2.41598403076366
-127.139626501666	-0.101372523766	6.40963608435441	2.68457431531741
-127.140633857868	-0.10010107827	6.41963608247277	2.41463448815066
-127.141628566426	-0.09884266742	6.42963608199497	2.41434549054387
-127.142610748667	-0.0975955385779	6.43963608103878	2.69414180560655
-127.143580509277	-0.0963580116983	6.44963608289662	2.41444882469283
-127.14453793563	-0.0951284685399	6.45963608235205	2.41481491014237
-127.14548310069	-0.0939053385083	6.46963609013702	2.4153768688681
-127.146416058561	-0.0926870930293	6.47963608114932	2.41612685662224
-127.147336853147	-0.0914722306822	6.48963608301855	2.71160358686168
-127.148245509717	-0.0902592725254	6.49963608332933	2.71528708670074
-127.149142040073	-0.0890467498207	6.50963608330139	2.41945814624521
-127.150026441273	-0.08783319624	6.5196360832838	2.42091644461132
-127.150898695655	-0.0866171389937	6.52963608331867	2.42253070939063
-127.151758770757	-0.0853970899321	6.53963608338275	2.73067209977207
-127.152606619111	-0.0841715362519	6.54963608334645	2.7346619006472
-127.153442177976	-0.0829389309597	6.55963608331155	2.73870226996038
-127.154265368925	-0.0816976828617	6.56963608331257	2.43045006124147
-127.155076097347	-0.0804461458725	6.57963608333334	2.43278419776578
-127.155874251848	-0.0791826074822	6.58963608332121	2.43526103552083
-127.156659703533	-0.077905276245	6.59963608335263	2.75536596307423
-127.157432305128	-0.0766122679599	6.60963608332081	2.75968020842679
-127.158191890006	-0.075301590371	6.61963608332422	2.44355919909003
-127.158938271001	-0.0739711260521	6.62963608338506	2.44658899278291
-127.159671239054	-0.0726186131043	6.63963608337322	2.7729586252488
-127.16039056169	-0.0712416232361	6.64963608332129	2.45302844233867
-127.161095981218	-0.0698375366068	6.65963608333408	2.78206616278368
-127.161787212662	-0.0684035130709	6.66963608333295	2.78669524492182
-127.16246394141	-0.0669364585895	6.6796360833465	2.46364710462607
-127.163125820478	-0.0654329863147	6.68963608331401	2.46745137226222
-127.163772467368	-0.0638893707454	6.69963608332792	2.47139435401008
-127.164403460406	-0.0623014937292	6.7096360833227	2.80575522890259
-127.165018334514	-0.0606647802166	6.7196360833293	2.81067566524304
-127.16561657626	-0.0589741214587	6.72963608328147	2.81567187732365
-127.166197618085	-0.0572237824291	6.73963608323114	2.48867738063391
-127.16676083149	-0.0554072895753	6.74963608322533	2.4934201175487
-127.167305518985	-0.0535172935548	6.75963608330446	2.49844121941774
-127.167830904509	-0.051545400025	6.76963608325531	2.83645187400187
-127.168336121999	-0.0494819591897	6.77963608336751	2.50944567085109
-127.168820201512	-0.0473158018518	6.78963608332278	2.84698387434734
-127.169282052483	-0.0450339044294	6.7996360832736	2.52182230716065
-127.169720443091	-0.0426209596366	6.80963608336478	2.52858556885813
-127.17013397475	-0.0400588195737	6.81963608323374	2.86294139238177
-127.170521050259	-0.0373257628842	6.82963608331685	2.54344378485504
-127.170879833356	-0.0343955173206	6.83963608319602	2.5516387896848
-127.17120819699	-0.0312359335726	6.84963608331542	2.87936424722698
-127.171503655839	-0.0278071537112	6.85963608332002	2.88504024795601
-127.17176327711	-0.0240590278188	6.86963608326595	2.58019959785359
-127.171983560137	-0.0199273851585	6.87963608325489	2.59145510074389
-127.172160270403	-0.015328505636	6.88963608319674	2.60393187628893
-127.172288204862	-0.0101506623019	6.89963608331082	2.61757482579869
-127.172360850135	-0.00424070401303	6.90963608330337	2.63288263006792
-127.172369866845	0.00261817800063	6.91963608331135	2.65039543755548
-127.172304277717	0.0107452854496	6.92963608338528	2.66938514206622
-127.172149119985	0.0206348350483	6.93963608333647	2.951817297802
-127.171883053325	0.0331027658362	6.94963608333328	2.71207489411339
-127.171473720759	0.0496191480933	6.95963608332514	2.98133387484031
-127.170867574931	0.0731869217462	6.96963608333025	2.76333706572296
-127.169963044	0.111283092403	6.97963608336356	2.79426463230763
-127.168513175983	0.190833988459	6.98963608377237	3.04621349397417
-127.165391227957	0.547094157822	6.99963608400429	2.88653089762657
-127.157180980695	0.965425383736	7.00963608156082	3.13136094985568
-127.147015056704	1.05359072375	7.01963608318839	3.15173318332168
-127.136255242623	1.09442598635	7.0296360832535	3.16526572254392
-127.125177895353	1.11933661481	7.03963608322955	2.91305624353575
-127.113893345575	1.13665906404	7.04963608332271	3.18287933155066
-127.102458916863	1.1496708373	7.05963608333183	3.18875220842372
-127.090908944191	1.15995620461	7.06963608328594	3.19326129740533
-127.079265938304	1.16838706244	7.07963608325828	2.89797608217514
-127.067545614949	1.17548830913	7.08963608342915	2.89313316655548
-127.055759467219	1.18159750834	7.09963608328803	3.20097561376448
-127.043916203204	1.186943042	7.10963608329798	3.20210429774103
-127.032022611105	1.19168576702	7.11963608319491	3.20267666868664
-127.020084103775	1.19594275055	7.12963608330963	3.20275802948631
-127.008105081268	1.19980153739	7.13963608311624	3.20240280719171
-126.996089175448	1.20332911498	7.14963608330943	2.85970537492952
-126.984039427351	1.20657775657	7.15963608330151	2.85367314296571
-126.971958410902	1.20958895426	7.1696360833187	2.84756398901065
-126.95984832754	1.21239613694	7.17963608338769	3.19747330833639
-126.947711076644	1.21502659495	7.18963608338536	3.19553080424349
-126.935548309238	1.21750287057	7.19963608333579	3.19335785806408
-126.92336147004	1.21984378209	7.20963608345262	3.19097660067842
-126.911151831731	1.22206519028	7.21963608329265	2.81638195085435
-126.89892051963	1.22418058022	7.22963608327665	3.18566847785153
-126.886668534787	1.2262015095	7.23963608332109	2.80385610309036
-126.874396770789	1.22813795742	7.24963608336801	2.79763043290931
-126.862106028207	1.22999860005	7.25963608331784	2.79144543692411
-126.849797026298	1.23179102942	7.26963608317914	3.17335156653595
-126.837470412719	1.23352192946	7.27963608324777	3.17000783615812
-126.82512677286	1.23519721863	7.28963608329897	2.77325613000979
-126.812766636041	1.23682216662	7.29963608328739	2.76735731781996
-126.800390481548	1.23840149047	7.30963608330613	2.7615633415377
-126.78799874441	1.23993943421	7.31963608305514	3.15599502266426
-126.775591817655	1.24143983552	7.32963608355767	3.15240032745126
-126.763170060852	1.24290618166	7.33963608332257	2.74496529773651
-126.750733797258	1.24434165697	7.34963608326645	2.73975298309876
-126.738283320852	1.24574918329	7.3596360833228	2.73473586225383
-126.725818897714	1.24713145446	7.36963608330033	3.13808167208882
-126.713340767539	1.24849096635	7.3796360833794	2.72539812025955
-126.700849146399	1.24983004261	7.38963608337394	2.7211535082449
-126.688344227711	1.25115085745	7.39963608324708	2.7172824364533
-126.675826182848	1.25245545567	7.40963608373125	2.71363932778287
-126.663295166848	1.25374576997	7.41963608273293	3.1224593539859
-126.650751310402	1.25502363716	7.42963608256073	2.70651382254594
-126.638194730087	1.25629081188	7.4396360824616	3.11889562920971
-126.625625525474	1.25754898013	7.44963608153677	2.69975331901039
-126.613043774144	1.25879977074	7.45963608320241	3.11738063759156
-126.600449555441	1.26004476634	7.46963607672477	2.69401847966206
-126.587842892671	1.26128551363	7.47963608344477	3.11734421967985
-126.575223845968	1.26252353326	7.48963608330579	3.11757979465415
-126.562592426333	1.26376032932	7.49963608324765	3.11807830270344
-126.549948638606	1.26499739833	7.50963608320058	2.68914649909413
-126.537292472584	1.26623623839	7.51963608315453	2.68885105361218
-126.524623902978	1.2674783582	7.52963608314618	2.68898460908267
-126.511942889532	1.26872528637	7.53963608304717	2.6893885228956
-126.499249376756	1.26997858081	7.54963608257838	3.12412456044473
-126.486543291014	1.27123983895	7.55963608333144	2.69063439617704
-126.473824547152	1.27251070767	7.56963608320487	3.12850956578618
-126.461093038907	1.27379289521	7.5796360835135	3.13106315801739
-126.448348644911	1.27508818274	7.58963608373838	2.69342159240336
-126.435591226103	1.27639843819	7.59963608293863	3.13676055869725
-126.422820619534	1.27772563044	7.60963608387125	3.13985846081321
-126.410036649371	1.279071846	7.61963608350794	3.14310361316079
-126.397239113383	1.28043930711	7.62963608264274	3.14648654980832
-126.38442778545	1.28183039282	7.63963608276497	2.6998804679482
-126.371602417519	1.28324766208	7.64963608322939	2.70137429492212
-126.358762736078	1.28469388107	7.65963608249826	3.15739973688142
-126.34590843433	1.28617205482	7.66963608251153	2.7045391905244
-126.333039176951	1.28768546284	7.67963608297535	2.70621476375794
-126.320154593987	1.28923770152	7.68963608382025	2.70793416010864
-126.307254280667	1.29083273431	7.69963608270193	3.17330736169242
-126.294337782953	1.29247495056	7.70963608313205	2.71146883764194
-126.281404607258	1.29416923573	7.71963608338338	3.18159288776328
-126.268454205595	1.29592105515	7.7296360838404	2.71510417256792
-126.255485983967	1.29773655539	7.73963607566846	2.71692522575072
-126.242499239913	1.29962268996	7.74963608323689	3.19408192336034
-126.229493257606	1.30158736366	7.75963608406457	2.72051316378641
-126.216467201055	1.30363962849	7.76963608307004	2.72225800494465
-126.203420141954	1.30578991128	7.77963608142566	2.72395560628346
-126.190351035172	1.30805030752	7.78963608372457	2.7255950143457
-126.177258719673	1.31043495346	7.79963608315784	2.72716503530329
-126.164141867098	1.31296050608	7.80963608348014	3.21793737702603
-126.150998974739	1.3156467654	7.81963608283685	3.22161456846762
-126.137828326134	1.31851749907	7.829636076889	3.22516718431502
-126.124627913391	1.32160153969	7.839636083655	3.22857862985993
-126.111395458702	1.32493429233	7.84963608338369	2.73354242270906
-126.098128252699	1.32855980276	7.8596360838812	3.2348960986205
-126.084823101319	1.33253371509	7.86963608472462	3.2377581783499
-126.071476179191	1.33692754727	7.87963608533991	3.2403868510346
-126.058082844813	1.34183506119	7.88963608234228	2.73596042363683
-126.044637354362	1.34738208212	7.89963608318247	2.7360213239095
-126.031132498893	1.35374216934	7.90963608387175	3.24651974142239
-126.017558986045	1.36116280986	7.9196360851338	3.2478205666069
-126.003904506842	1.37001157982	7.92963608198389	2.73437331783851
-125.990152121745	1.38086318854	7.93963608283861	3.24887030583553
-125.976277436404	1.39467822771	7.94963608906063	2.73121356862391
-125.96224300538	1.41321454809	7.95963608364439	2.72876857827432
-125.947985713577	1.44013873226	7.9696360835366	2.72557352340002
-125.933382856461	1.48486645207	7.97963608348005	3.23965650587181
-125.918122837141	1.58332531419	7.98963608496029	2.71676180526056
-125.90067259078	2.01002211217	7.99963608197008	2.74026374279051
-125.879693839136	2.13462581492	8.00963606591769	3.21730254866571
-125.858219091313	2.15696477103	8.01963608273805	3.20987744100516
-125.836589769709	2.16792701043	8.02963608120696	3.20277346451269
-125.814873378482	2.17491813094	8.03963608401402	3.19843850306941
-125.793097741505	2.17997425618	8.04963608324395	2.890149914409
-125.771277572233	2.18391450282	8.05963608387981	2.90337289810181
-125.74942180493	2.18714158264	8.0696360857703	3.1780523474054
-125.727536362435	2.18988019524	8.07963608259544	3.16739856871318
-125.705625379201	2.19226724211	8.08963608057739	3.15567763344069
-125.683691887978	2.19439172375	8.09963608342404	3.14323733963612
-125.661738210473	2.19631447593	8.10963608276292	3.13037656396135
-125.639766125268	2.19807877558	8.11963608347815	3.11736879147337
-125.617777078029	2.19971642913	8.12963607286689	2.96050225577305
-125.595772137928	2.20125146476	8.13963608356782	2.96352317185589
-125.573752301387	2.2027024456	8.14963608518094	2.96546732204899
-125.551718317635	2.20408401108	8.15963608468054	2.96689905376471
-125.52967081427	2.20540789995	8.16963608468971	2.96964498253309
-125.50761032144	2.20668366946	8.17963608395934	3.04651359482173
-125.485537362585	2.20791920045	8.18963604495281	2.97734022537054
-125.46345212717	2.20912106985	8.19963604878787	3.01976088830257
-125.441354928756	2.21029482487	8.20963609294194	3.00520017485196
-125.419246230261	2.21144516552	8.21963608425334	2.98990163498355
-125.397126114747	2.21257613066	8.22963608172957	2.97395060693209
-125.374994781491	2.21369118294	8.23963607484124	2.95743788783099
-125.352852334344	2.21479334844	8.24963608155954	2.94048554572238
-125.330698951968	2.21588523446	8.25963607338321	2.92316171435183
-125.308534718168	2.2169691284	8.26963605361724	2.90552723904898
-125.286359552825	2.21804703569	8.27963608981941	2.8876449911355
-125.264173723381	2.21912070296	8.28963608435242	3.02921599703189
-125.241977167334	2.22019167499	8.29963608096645	2.85143893950607
-125.219769904165	2.22126130718	8.30963607990785	2.83324365552782
-125.197551935151	2.22233079519	8.31963608388114	2.81506200049067
-125.175323264261	2.2234011954	8.32963608932011	3.05017633194923
-125.153083891003	2.22447344385	8.33963609019735	2.77897582412679
-125.130833815289	2.22554837232	8.34963607634806	3.06075372774881
-125.108572928904	2.22662673044	8.35963608264418	2.74418735096115
-125.086301250936	2.22770919123	8.3696360835604	3.0706110706815
-125.064018733533	2.22879637171	8.37963608076216	2.71128333973359
-125.041725306389	2.22988884475	8.38963608331825	2.69550277462902
-125.019420943388	2.2309871477	8.39963607798911	2.68017192179419
-124.997105539822	2.23209180024	8.40963608440862	2.66529603504153
-124.974779072593	2.23320330589	8.4196360833413	3.09122253929495
-124.95244145173	2.23432217083	8.42963608326131	2.63694271766081
-124.930092606804	2.23544890678	8.43963608161281	3.09811187919415
-124.907732447243	2.23658404296	8.44963608252487	3.10131516606661
-124.885360894566	2.23772813168	8.45963608230413	2.59807272215933
-124.8629778511	2.23888175737	8.46963608329717	2.586140637568
-124.84058322889	2.24004554057	8.4796360808173	2.57474424948291
-124.818176875855	2.24122015476	8.48963609592222	2.56389556804857
-124.79575875996	2.24240631777	8.49963609299894	3.11539239513953
-124.773328808064	2.24360479932	8.50963605149706	3.11791102121348
-124.750886688388	2.24481645085	8.51963606252484	2.53477669717334
-124.72843236165	2.24604218181	8.52963608286157	3.12273752783423
-124.705965734463	2.24728298307	8.53963608922789	2.51847695106458
-124.68348661991	2.2485399257	8.5496360954037	2.51138116438369
-124.660994865154	2.24981418074	8.5596360950111	2.50508613162305
-124.638490321719	2.25110700773	8.56963607434544	3.1318494027894
-124.61597274936	2.25241979747	8.57963605460151	3.13467881393525
-124.593441849506	2.25375404387	8.58963607642212	2.49058763344657
-124.570897516987	2.25511138264	8.59963608764518	2.48650540337632
-124.548339525245	2.25649359748	8.60963608246656	2.48280562676187
-124.525767569884	2.25790263235	8.61963608132201	3.15127425723987
-124.503181364586	2.2593406131	8.62963608759184	3.15603261757036
-124.480580646571	2.26080986543	8.63963608438712	3.16094785583429
-124.457965039766	2.26231295247	8.64963609415059	2.47092119185343
-124.435334285118	2.26385268264	8.65963607572636	2.46853542360682
-124.412687907271	2.26543215097	8.66963607050939	2.46634296906416
-124.390025485081	2.2670548097	8.67963608147563	2.46431991010619
-124.367346599595	2.26872444851	8.68963609469858	2.46244672964481
-124.344650880508	2.27044529943	8.69963605718901	3.19257879728806
-124.321937533785	2.27222210241	8.70963608291312	3.19807214063305
-124.299206168669	2.27406013927	8.7196360861329	2.45758668273813
-124.276456105536	2.27596537424	8.72963608360758	2.45617844161848
-124.25368661994	2.27794454898	8.73963608388898	3.21471983659942
-124.230896943735	2.2800053133	8.74963608316287	2.45360349319873
-124.208086224656	2.28215640307	8.75963607864934	2.45233837753853
-124.185253480857	2.28440785639	8.76963608332301	3.23178661740687
-124.16239768305	2.28677123764	8.77963608371874	2.4497380577836
-124.1395176751	2.28926001018	8.78963606729111	3.24342244166101
-124.116612010036	2.2918899241	8.79963608490011	3.24929966525344
-124.093679307963	2.29467955158	8.80963608334627	3.25521282790457
-124.070717817868	2.29765101411	8.81963608295345	3.26116176227106
-124.047725591996	2.30083085818	8.82963608409103	2.44203248897546
-124.024700398945	2.30425130973	8.83963608319469	2.44013472072086
-124.001639635044	2.30795193929	8.84963608318193	3.27929756011842
-123.97854026175	2.3119819832	8.85963608397277	3.28553193047207
-123.955398699895	2.31640362228	8.86963607978581	2.43363701260387
-123.932210619627	2.32129673455	8.8796360843409	3.29765508237723
-123.908970844322	2.32676597197	8.88963608170439	3.30339293864414
-123.885672924039	2.33295165147	8.8996360816882	3.30886805113458
-123.862308787181	2.34004708488	8.90963608192791	3.31403191423668
-123.838868043946	2.34832750217	8.91963608286823	2.42086026370185
-123.815336946325	2.35820086484	8.92963608419061	2.41742684073851
-123.791696638371	2.37030340595	8.93963608372537	2.41344064775032
-123.767920005886	2.38569497408	8.94963608327609	2.40870852873167
-123.743965543617	2.40630634666	8.95963608332445	3.33266952673947
-123.719763701063	2.43613913268	8.96963608333889	2.39567838686724
-123.695180203123	2.48536774778	8.97963608342261	3.33366493645058
-123.669878854068	2.59203085236	8.98963608407928	3.33066600232297
-123.642347923385	2.99252748883	8.99963600452823	3.32769384139798
-123.611579810432	3.11506245545	9.00963606990319	3.33580819111817
-123.580288254631	3.13959427086	9.01963608317871	2.47154359193784
-123.54882666615	3.15164390916	9.02963608327359	2.50071146702124
-123.517269653692	3.15927665998	9.03963608334919	2.52781847885396
-123.485648215319	3.16474790872	9.04963608315234	3.3543521230801
-123.453978813022	3.16897022953	9.05963608333406	3.35850813781257
-123.422271453805	3.17239330226	9.06963608338887	2.59951647373828
-123.39053276422	3.17526820577	9.07963608324364	2.62005547822056
-123.358767401713	3.17774787765	9.08963608330234	2.63918756977181
-123.326978789161	3.17993167196	9.09963608336498	3.37032275718817
-123.295169526294	3.18188742506	9.10963608330125	3.37270104456072
-123.263341638876	3.18366332997	9.11963608332919	2.68986701666491
-123.231496740204	3.18529475664	9.12963608334445	3.37779057017782
-123.199636135911	3.1868083807	9.13963608327982	2.71994304934721
-123.167760896081	3.1882247935	9.14963608336564	2.73486057341267
-123.135871909395	3.18956021319	9.15963608336434	2.74954093092382
-123.103969918755	3.19082764194	9.16963608318812	2.76381114877344
-123.072055547762	3.19203766968	9.17963608334198	3.39754549535638
-123.040129326913	3.19319904536	9.18963608333361	2.79088894573749
-123.008191704704	3.19431909178	9.19963608327668	3.4068907540942
-122.976243062124	3.19540401197	9.2096360833157	2.81834513098005
-122.944283723768	3.19645911922	9.21963608327467	2.83234441300357
-122.91231396384	3.19748901254	9.22963608327872	3.41657512074613
-122.880334013693	3.19849771192	9.23963608340545	2.86019479613319
-122.848344068261	3.19948876403	9.24963608331686	3.41992564888182
-122.816344287353	3.2004653256	9.2596360831948	2.88723051318803
-122.784334800243	3.20143022988	9.26963608342091	3.42110288820211
-122.752315712804	3.20238603984	9.27963608326989	3.42096406233092
-122.720287102248	3.20333509143	9.28963608332844	2.92539377113818
-122.688249026513	3.20427952856	9.29963608321558	3.41943308881947
-122.656201519902	3.20522133193	9.30963608349677	3.41812663296716
-122.624144602169	3.20616234248	9.31963608332005	2.9600340958859
-122.592078270366	3.20710428101	9.32963608336606	2.97072313550608
-122.560002508172	3.20804876419	9.33963608328397	2.98097013035507
-122.527917281692	3.20899731804	9.3496360833071	3.41042618175489
-122.495822543228	3.20995138903	9.35963608334167	3.00011840853644
-122.463718230994	3.21091235348	9.36963608328643	3.40589638624276
-122.431604268923	3.21188152555	9.37963608330114	3.4037167238081
-122.399480568715	3.21286016388	9.38963608335128	3.40173730917751
-122.367347030093	3.21384947761	9.39963608328949	3.40013894280397
-122.335203539719	3.21485063164	9.40963608334246	3.04060962946592
-122.303049974003	3.21586475142	9.41963608336247	3.39704523775764
-122.270886198008	3.21689292762	9.42963608328779	3.39470111853427
-122.238712065159	3.21793622073	9.43963608333093	3.06628433565551
-122.206527419788	3.2189956657	9.44963608327637	3.07531029377609
-122.174332094725	3.220072277	9.45963608329911	3.08443957938564
-122.142125913416	3.22116705393	9.46963608336291	3.38079149930752
-122.109908689711	3.22228098655	9.47963608332479	3.3763874874013
-122.077680226592	3.22341506223	9.48963608334729	3.37169881054511
-122.045440317967	3.22457027283	9.49963608334064	3.36678164473956
-122.01318874745	3.22574762273	9.50963608331336	3.36170079416577
-121.980925288504	3.22694813766	9.51963608327707	3.13920993783277
-121.948649703948	3.22817287442	9.52963608331801	3.14808601456536
-121.916361746463	3.2294229315	9.53963608332623	3.15684473223846
-121.884061157122	3.23069946073	9.54963608330635	3.16547270969684
-121.851747665014	3.23200367992	9.55963608330852	3.33546674126852
-121.819420986874	3.23333688662	9.5696360833174	3.18235953362427
-121.787080826134	3.23470047309	9.57963608327602	3.3255556694391
-121.754726871071	3.23609594263	9.58963608334177	3.1988487573843
-121.722358795346	3.23752492733	9.59963608334838	3.31665855171925
-121.689976255022	3.23898920768	9.60963608330139	3.3128299569973
-121.65757888724	3.24049073413	9.61963608329297	3.22366448663036
-121.625166308973	3.24203165103	9.62963608332873	3.23224910597231
-121.592738115025	3.24361432342	9.6396360833045	3.24089053085259
-121.560293874623	3.2452413673	9.64963608333152	3.24951607719517
-121.527833130076	3.24691568388	9.65963608332411	3.30002604611515
-121.495355392795	3.24864049893	9.66963608328921	3.29861498772389
-121.462860139948	3.25041940812	9.67963608328769	3.27503470258329
-121.430346811026	3.25225642972	9.68963608327472	3.29704973823592
-121.397814802508	3.2541560664	9.6996360833466	3.29155841913723
-121.365263464069	3.25612337802	9.70963608331058	3.29740922897153
-121.332692090595	3.25816406835	9.71963608329701	3.2985230920042
-121.300099916614	3.26028458861	9.72963608333665	3.30004082317289
-121.26748610832	3.26249226247	9.73963608332937	3.32447436009397
-121.234849753231	3.2647954379	9.74963608331505	3.33348867174674
-121.202189849529	3.26720367302	9.75963608332715	3.34275006493286
-121.16950529308	3.26972796552	9.76963608332208	3.35220181469994
-121.136794861278	3.2723810384	9.7796360832975	3.30742863491031
-121.104057194042	3.27517769912	9.7896360832991	3.30878012772458
-121.071290771116	3.27813529562	9.79963608331951	3.31005570515612
-121.038493883833	3.28127430185	9.80963608330715	3.39107058110068
-121.005664599743	3.28461907873	9.81963608331096	3.40087778833479
-120.972800719497	3.28819887616	9.82963608332076	3.31324224355052
-120.939899721454	3.29204917225	9.83963608330762	3.42037672501253
-120.906958690498	3.29621349276	9.84963608331036	3.31460751957628
-120.873974226099	3.30074592855	9.85963608330682	3.43950568073722
-120.840942319594	3.30571469227	9.86963608331517	3.31509315425086
-120.807858189169	3.31120726282	9.87963608330683	3.31490894430121
-120.774716051218	3.31733803103	9.88963608331506	3.31437359995953
-120.741508797332	3.32426002552	9.89963608330944	3.4754310798754
-120.708227521701	3.33218357323	9.90963608332219	3.48363286056182
-120.674860807084	3.34140733402	9.91963608331923	3.4913809280229
-120.641393595472	3.35237275496	9.92963608331725	3.30719714800306
-120.607805305984	3.36576619358	9.93963608331387	3.30355008487533
-120.574066473765	3.38272747645	9.94963608331522	3.29876162771407
-120.540132179042	3.40532702176	9.95963608332123	3.51508887480066
-120.505927464635	3.43784695183	9.96963608332533	3.51785213078966
-120.471308098129	3.49118832239	9.97963608335387	3.518061056553
-120.435911714781	3.60689072278	9.9896360843126	3.25455097418348
-120.397464351068	4.70605281105	9.99963609126577	3.21563760313059
-120.396242616459	5	9.99988849710051	3.49063998842239
